2016/01/26 15:16:34 [error] [exception.CDbException] SQLSTATE[28000] [1045] Access denied for user 'root'@'localhost' (using password: NO)
2016/01/26 15:16:34 [error] [exception.CDbException] exception 'CDbException' with message 'CDbConnection failed to open the DB connection.' in /var/www/html/kia.com.ec/site/intranet.kia.com.ec/web/yii/framework/db/CDbConnection.php:388
Stack trace:
#0 /var/www/html/kia.com.ec/site/intranet.kia.com.ec/web/yii/framework/db/CDbConnection.php(330): CDbConnection->open()
#1 /var/www/html/kia.com.ec/site/intranet.kia.com.ec/web/yii/framework/db/CDbConnection.php(308): CDbConnection->setActive(true)
#2 /var/www/html/kia.com.ec/site/intranet.kia.com.ec/web/yii/framework/base/CModule.php(387): CDbConnection->init()
#3 /var/www/html/kia.com.ec/site/intranet.kia.com.ec/web/yii/framework/base/CModule.php(103): CModule->getComponent('db')
#4 /var/www/html/kia.com.ec/site/intranet.kia.com.ec/web/usuario/protected/views/layouts/call.php(2): CModule->__get('db')
#5 /var/www/html/kia.com.ec/site/intranet.kia.com.ec/web/yii/framework/web/CBaseController.php(126): require('/var/www/html/k...')
#6 /var/www/html/kia.com.ec/site/intranet.kia.com.ec/web/yii/framework/web/CBaseController.php(95): CBaseController->renderInternal('/var/www/html/k...', Array, true)
#7 /var/www/html/kia.com.ec/site/intranet.kia.com.ec/web/yii/framework/web/CController.php(784): CBaseController->renderFile('/var/www/html/k...', Array, true)
#8 /var/www/html/kia.com.ec/site/intranet.kia.com.ec/web/usuario/protected/controllers/SiteController.php(167): CController->render('login', Array)
#9 /var/www/html/kia.com.ec/site/intranet.kia.com.ec/web/yii/framework/web/actions/CInlineAction.php(49): SiteController->actionLogin()
#10 /var/www/html/kia.com.ec/site/intranet.kia.com.ec/web/yii/framework/web/CController.php(308): CInlineAction->runWithParams(Array)
#11 /var/www/html/kia.com.ec/site/intranet.kia.com.ec/web/yii/framework/web/CController.php(286): CController->runAction(Object(CInlineAction))
#12 /var/www/html/kia.com.ec/site/intranet.kia.com.ec/web/yii/framework/web/CController.php(265): CController->runActionWithFilters(Object(CInlineAction), Array)
#13 /var/www/html/kia.com.ec/site/intranet.kia.com.ec/web/yii/framework/web/CWebApplication.php(282): CController->run('login')
#14 /var/www/html/kia.com.ec/site/intranet.kia.com.ec/web/yii/framework/web/CWebApplication.php(141): CWebApplication->runController('')
#15 /var/www/html/kia.com.ec/site/intranet.kia.com.ec/web/yii/framework/base/CApplication.php(180): CWebApplication->processRequest()
#16 /var/www/html/kia.com.ec/site/intranet.kia.com.ec/web/usuario/index.php(15): CApplication->run()
#17 {main}
REQUEST_URI=/intranet/usuario/
---
2016/01/26 15:16:34 [error] [exception.CDbException] SQLSTATE[28000] [1045] Access denied for user 'root'@'localhost' (using password: NO)
2016/01/26 15:45:35 [error] [exception.CDbException] SQLSTATE[28000] [1045] Access denied for user 'root'@'localhost' (using password: NO)
2016/01/26 15:45:35 [error] [exception.CDbException] exception 'CDbException' with message 'CDbConnection failed to open the DB connection.' in /var/www/html/kia.com.ec/site/intranet.kia.com.ec/web/yii/framework/db/CDbConnection.php:388
Stack trace:
#0 /var/www/html/kia.com.ec/site/intranet.kia.com.ec/web/yii/framework/db/CDbConnection.php(330): CDbConnection->open()
#1 /var/www/html/kia.com.ec/site/intranet.kia.com.ec/web/yii/framework/db/CDbConnection.php(308): CDbConnection->setActive(true)
#2 /var/www/html/kia.com.ec/site/intranet.kia.com.ec/web/yii/framework/base/CModule.php(387): CDbConnection->init()
#3 /var/www/html/kia.com.ec/site/intranet.kia.com.ec/web/yii/framework/base/CModule.php(103): CModule->getComponent('db')
#4 /var/www/html/kia.com.ec/site/intranet.kia.com.ec/web/usuario/protected/views/layouts/call.php(2): CModule->__get('db')
#5 /var/www/html/kia.com.ec/site/intranet.kia.com.ec/web/yii/framework/web/CBaseController.php(126): require('/var/www/html/k...')
#6 /var/www/html/kia.com.ec/site/intranet.kia.com.ec/web/yii/framework/web/CBaseController.php(95): CBaseController->renderInternal('/var/www/html/k...', Array, true)
#7 /var/www/html/kia.com.ec/site/intranet.kia.com.ec/web/yii/framework/web/CController.php(784): CBaseController->renderFile('/var/www/html/k...', Array, true)
#8 /var/www/html/kia.com.ec/site/intranet.kia.com.ec/web/usuario/protected/controllers/SiteController.php(167): CController->render('login', Array)
#9 /var/www/html/kia.com.ec/site/intranet.kia.com.ec/web/yii/framework/web/actions/CInlineAction.php(49): SiteController->actionLogin()
#10 /var/www/html/kia.com.ec/site/intranet.kia.com.ec/web/yii/framework/web/CController.php(308): CInlineAction->runWithParams(Array)
#11 /var/www/html/kia.com.ec/site/intranet.kia.com.ec/web/yii/framework/web/CController.php(286): CController->runAction(Object(CInlineAction))
#12 /var/www/html/kia.com.ec/site/intranet.kia.com.ec/web/yii/framework/web/CController.php(265): CController->runActionWithFilters(Object(CInlineAction), Array)
#13 /var/www/html/kia.com.ec/site/intranet.kia.com.ec/web/yii/framework/web/CWebApplication.php(282): CController->run('login')
#14 /var/www/html/kia.com.ec/site/intranet.kia.com.ec/web/yii/framework/web/CWebApplication.php(141): CWebApplication->runController('')
#15 /var/www/html/kia.com.ec/site/intranet.kia.com.ec/web/yii/framework/base/CApplication.php(180): CWebApplication->processRequest()
#16 /var/www/html/kia.com.ec/site/intranet.kia.com.ec/web/usuario/index.php(15): CApplication->run()
#17 {main}
REQUEST_URI=/intranet/usuario/index.php
---
2016/01/26 15:45:35 [error] [exception.CDbException] SQLSTATE[28000] [1045] Access denied for user 'root'@'localhost' (using password: NO)
2016/01/26 15:45:35 [error] [exception.CDbException] SQLSTATE[28000] [1045] Access denied for user 'root'@'localhost' (using password: NO)
2016/01/26 15:45:35 [error] [exception.CDbException] exception 'CDbException' with message 'CDbConnection failed to open the DB connection.' in /var/www/html/kia.com.ec/site/intranet.kia.com.ec/web/yii/framework/db/CDbConnection.php:388
Stack trace:
#0 /var/www/html/kia.com.ec/site/intranet.kia.com.ec/web/yii/framework/db/CDbConnection.php(330): CDbConnection->open()
#1 /var/www/html/kia.com.ec/site/intranet.kia.com.ec/web/yii/framework/db/CDbConnection.php(308): CDbConnection->setActive(true)
#2 /var/www/html/kia.com.ec/site/intranet.kia.com.ec/web/yii/framework/base/CModule.php(387): CDbConnection->init()
#3 /var/www/html/kia.com.ec/site/intranet.kia.com.ec/web/yii/framework/base/CModule.php(103): CModule->getComponent('db')
#4 /var/www/html/kia.com.ec/site/intranet.kia.com.ec/web/usuario/protected/views/layouts/call.php(2): CModule->__get('db')
#5 /var/www/html/kia.com.ec/site/intranet.kia.com.ec/web/yii/framework/web/CBaseController.php(126): require('/var/www/html/k...')
#6 /var/www/html/kia.com.ec/site/intranet.kia.com.ec/web/yii/framework/web/CBaseController.php(95): CBaseController->renderInternal('/var/www/html/k...', Array, true)
#7 /var/www/html/kia.com.ec/site/intranet.kia.com.ec/web/yii/framework/web/CController.php(784): CBaseController->renderFile('/var/www/html/k...', Array, true)
#8 /var/www/html/kia.com.ec/site/intranet.kia.com.ec/web/usuario/protected/controllers/SiteController.php(167): CController->render('login', Array)
#9 /var/www/html/kia.com.ec/site/intranet.kia.com.ec/web/yii/framework/web/actions/CInlineAction.php(49): SiteController->actionLogin()
#10 /var/www/html/kia.com.ec/site/intranet.kia.com.ec/web/yii/framework/web/CController.php(308): CInlineAction->runWithParams(Array)
#11 /var/www/html/kia.com.ec/site/intranet.kia.com.ec/web/yii/framework/web/CController.php(286): CController->runAction(Object(CInlineAction))
#12 /var/www/html/kia.com.ec/site/intranet.kia.com.ec/web/yii/framework/web/CController.php(265): CController->runActionWithFilters(Object(CInlineAction), Array)
#13 /var/www/html/kia.com.ec/site/intranet.kia.com.ec/web/yii/framework/web/CWebApplication.php(282): CController->run('login')
#14 /var/www/html/kia.com.ec/site/intranet.kia.com.ec/web/yii/framework/web/CWebApplication.php(141): CWebApplication->runController('')
#15 /var/www/html/kia.com.ec/site/intranet.kia.com.ec/web/yii/framework/base/CApplication.php(180): CWebApplication->processRequest()
#16 /var/www/html/kia.com.ec/site/intranet.kia.com.ec/web/usuario/index.php(15): CApplication->run()
#17 {main}
REQUEST_URI=/intranet/usuario/index.php
---
2016/01/26 15:45:35 [error] [exception.CDbException] SQLSTATE[28000] [1045] Access denied for user 'root'@'localhost' (using password: NO)
2016/01/26 16:57:04 [error] [exception.CDbException] SQLSTATE[28000] [1045] Access denied for user 'root'@'localhost' (using password: NO)
2016/01/26 16:57:04 [error] [exception.CDbException] exception 'CDbException' with message 'CDbConnection failed to open the DB connection.' in /var/www/html/kia.com.ec/site/intranet.kia.com.ec/web/yii/framework/db/CDbConnection.php:388
Stack trace:
#0 /var/www/html/kia.com.ec/site/intranet.kia.com.ec/web/yii/framework/db/CDbConnection.php(330): CDbConnection->open()
#1 /var/www/html/kia.com.ec/site/intranet.kia.com.ec/web/yii/framework/db/CDbConnection.php(308): CDbConnection->setActive(true)
#2 /var/www/html/kia.com.ec/site/intranet.kia.com.ec/web/yii/framework/base/CModule.php(387): CDbConnection->init()
#3 /var/www/html/kia.com.ec/site/intranet.kia.com.ec/web/yii/framework/base/CModule.php(103): CModule->getComponent('db')
#4 /var/www/html/kia.com.ec/site/intranet.kia.com.ec/web/usuario/protected/views/layouts/call.php(2): CModule->__get('db')
#5 /var/www/html/kia.com.ec/site/intranet.kia.com.ec/web/yii/framework/web/CBaseController.php(126): require('/var/www/html/k...')
#6 /var/www/html/kia.com.ec/site/intranet.kia.com.ec/web/yii/framework/web/CBaseController.php(95): CBaseController->renderInternal('/var/www/html/k...', Array, true)
#7 /var/www/html/kia.com.ec/site/intranet.kia.com.ec/web/yii/framework/web/CController.php(784): CBaseController->renderFile('/var/www/html/k...', Array, true)
#8 /var/www/html/kia.com.ec/site/intranet.kia.com.ec/web/usuario/protected/controllers/SiteController.php(167): CController->render('login', Array)
#9 /var/www/html/kia.com.ec/site/intranet.kia.com.ec/web/yii/framework/web/actions/CInlineAction.php(49): SiteController->actionLogin()
#10 /var/www/html/kia.com.ec/site/intranet.kia.com.ec/web/yii/framework/web/CController.php(308): CInlineAction->runWithParams(Array)
#11 /var/www/html/kia.com.ec/site/intranet.kia.com.ec/web/yii/framework/web/CController.php(286): CController->runAction(Object(CInlineAction))
#12 /var/www/html/kia.com.ec/site/intranet.kia.com.ec/web/yii/framework/web/CController.php(265): CController->runActionWithFilters(Object(CInlineAction), Array)
#13 /var/www/html/kia.com.ec/site/intranet.kia.com.ec/web/yii/framework/web/CWebApplication.php(282): CController->run('login')
#14 /var/www/html/kia.com.ec/site/intranet.kia.com.ec/web/yii/framework/web/CWebApplication.php(141): CWebApplication->runController('site/login')
#15 /var/www/html/kia.com.ec/site/intranet.kia.com.ec/web/yii/framework/base/CApplication.php(180): CWebApplication->processRequest()
#16 /var/www/html/kia.com.ec/site/intranet.kia.com.ec/web/usuario/index.php(15): CApplication->run()
#17 {main}
REQUEST_URI=/intranet/usuario/index.php/site/login
---
2016/01/26 16:57:04 [error] [exception.CDbException] SQLSTATE[28000] [1045] Access denied for user 'root'@'localhost' (using password: NO)
2016/01/26 16:57:16 [error] [exception.CDbException] SQLSTATE[28000] [1045] Access denied for user 'root'@'localhost' (using password: NO)
2016/01/26 16:57:16 [error] [exception.CDbException] exception 'CDbException' with message 'CDbConnection failed to open the DB connection.' in /var/www/html/kia.com.ec/site/intranet.kia.com.ec/web/yii/framework/db/CDbConnection.php:388
Stack trace:
#0 /var/www/html/kia.com.ec/site/intranet.kia.com.ec/web/yii/framework/db/CDbConnection.php(330): CDbConnection->open()
#1 /var/www/html/kia.com.ec/site/intranet.kia.com.ec/web/yii/framework/db/CDbConnection.php(308): CDbConnection->setActive(true)
#2 /var/www/html/kia.com.ec/site/intranet.kia.com.ec/web/yii/framework/base/CModule.php(387): CDbConnection->init()
#3 /var/www/html/kia.com.ec/site/intranet.kia.com.ec/web/yii/framework/base/CModule.php(103): CModule->getComponent('db')
#4 /var/www/html/kia.com.ec/site/intranet.kia.com.ec/web/usuario/protected/views/layouts/call.php(2): CModule->__get('db')
#5 /var/www/html/kia.com.ec/site/intranet.kia.com.ec/web/yii/framework/web/CBaseController.php(126): require('/var/www/html/k...')
#6 /var/www/html/kia.com.ec/site/intranet.kia.com.ec/web/yii/framework/web/CBaseController.php(95): CBaseController->renderInternal('/var/www/html/k...', Array, true)
#7 /var/www/html/kia.com.ec/site/intranet.kia.com.ec/web/yii/framework/web/CController.php(784): CBaseController->renderFile('/var/www/html/k...', Array, true)
#8 /var/www/html/kia.com.ec/site/intranet.kia.com.ec/web/usuario/protected/controllers/SiteController.php(167): CController->render('login', Array)
#9 /var/www/html/kia.com.ec/site/intranet.kia.com.ec/web/yii/framework/web/actions/CInlineAction.php(49): SiteController->actionLogin()
#10 /var/www/html/kia.com.ec/site/intranet.kia.com.ec/web/yii/framework/web/CController.php(308): CInlineAction->runWithParams(Array)
#11 /var/www/html/kia.com.ec/site/intranet.kia.com.ec/web/yii/framework/web/CController.php(286): CController->runAction(Object(CInlineAction))
#12 /var/www/html/kia.com.ec/site/intranet.kia.com.ec/web/yii/framework/web/CController.php(265): CController->runActionWithFilters(Object(CInlineAction), Array)
#13 /var/www/html/kia.com.ec/site/intranet.kia.com.ec/web/yii/framework/web/CWebApplication.php(282): CController->run('login')
#14 /var/www/html/kia.com.ec/site/intranet.kia.com.ec/web/yii/framework/web/CWebApplication.php(141): CWebApplication->runController('site/login')
#15 /var/www/html/kia.com.ec/site/intranet.kia.com.ec/web/yii/framework/base/CApplication.php(180): CWebApplication->processRequest()
#16 /var/www/html/kia.com.ec/site/intranet.kia.com.ec/web/usuario/index.php(15): CApplication->run()
#17 {main}
REQUEST_URI=/intranet/usuario/index.php/site/login
---
2016/01/26 16:57:16 [error] [exception.CDbException] SQLSTATE[28000] [1045] Access denied for user 'root'@'localhost' (using password: NO)
2016/01/26 16:59:08 [error] [exception.CDbException] SQLSTATE[28000] [1045] Access denied for user 'root'@'localhost' (using password: NO)
2016/01/26 16:59:08 [error] [exception.CDbException] exception 'CDbException' with message 'CDbConnection failed to open the DB connection.' in /var/www/html/kia.com.ec/site/intranet.kia.com.ec/web/yii/framework/db/CDbConnection.php:388
Stack trace:
#0 /var/www/html/kia.com.ec/site/intranet.kia.com.ec/web/yii/framework/db/CDbConnection.php(330): CDbConnection->open()
#1 /var/www/html/kia.com.ec/site/intranet.kia.com.ec/web/yii/framework/db/CDbConnection.php(308): CDbConnection->setActive(true)
#2 /var/www/html/kia.com.ec/site/intranet.kia.com.ec/web/yii/framework/base/CModule.php(387): CDbConnection->init()
#3 /var/www/html/kia.com.ec/site/intranet.kia.com.ec/web/yii/framework/base/CModule.php(103): CModule->getComponent('db')
#4 /var/www/html/kia.com.ec/site/intranet.kia.com.ec/web/usuario/protected/views/layouts/call.php(2): CModule->__get('db')
#5 /var/www/html/kia.com.ec/site/intranet.kia.com.ec/web/yii/framework/web/CBaseController.php(126): require('/var/www/html/k...')
#6 /var/www/html/kia.com.ec/site/intranet.kia.com.ec/web/yii/framework/web/CBaseController.php(95): CBaseController->renderInternal('/var/www/html/k...', Array, true)
#7 /var/www/html/kia.com.ec/site/intranet.kia.com.ec/web/yii/framework/web/CController.php(784): CBaseController->renderFile('/var/www/html/k...', Array, true)
#8 /var/www/html/kia.com.ec/site/intranet.kia.com.ec/web/usuario/protected/controllers/SiteController.php(167): CController->render('login', Array)
#9 /var/www/html/kia.com.ec/site/intranet.kia.com.ec/web/yii/framework/web/actions/CInlineAction.php(49): SiteController->actionLogin()
#10 /var/www/html/kia.com.ec/site/intranet.kia.com.ec/web/yii/framework/web/CController.php(308): CInlineAction->runWithParams(Array)
#11 /var/www/html/kia.com.ec/site/intranet.kia.com.ec/web/yii/framework/web/CController.php(286): CController->runAction(Object(CInlineAction))
#12 /var/www/html/kia.com.ec/site/intranet.kia.com.ec/web/yii/framework/web/CController.php(265): CController->runActionWithFilters(Object(CInlineAction), Array)
#13 /var/www/html/kia.com.ec/site/intranet.kia.com.ec/web/yii/framework/web/CWebApplication.php(282): CController->run('login')
#14 /var/www/html/kia.com.ec/site/intranet.kia.com.ec/web/yii/framework/web/CWebApplication.php(141): CWebApplication->runController('')
#15 /var/www/html/kia.com.ec/site/intranet.kia.com.ec/web/yii/framework/base/CApplication.php(180): CWebApplication->processRequest()
#16 /var/www/html/kia.com.ec/site/intranet.kia.com.ec/web/usuario/index.php(15): CApplication->run()
#17 {main}
REQUEST_URI=/intranet/usuario/index.php
---
2016/01/26 16:59:08 [error] [exception.CDbException] SQLSTATE[28000] [1045] Access denied for user 'root'@'localhost' (using password: NO)
2016/01/26 16:59:16 [error] [exception.CDbException] SQLSTATE[28000] [1045] Access denied for user 'root'@'localhost' (using password: NO)
2016/01/26 16:59:16 [error] [exception.CDbException] exception 'CDbException' with message 'CDbConnection failed to open the DB connection.' in /var/www/html/kia.com.ec/site/intranet.kia.com.ec/web/yii/framework/db/CDbConnection.php:388
Stack trace:
#0 /var/www/html/kia.com.ec/site/intranet.kia.com.ec/web/yii/framework/db/CDbConnection.php(330): CDbConnection->open()
#1 /var/www/html/kia.com.ec/site/intranet.kia.com.ec/web/yii/framework/db/CDbConnection.php(308): CDbConnection->setActive(true)
#2 /var/www/html/kia.com.ec/site/intranet.kia.com.ec/web/yii/framework/base/CModule.php(387): CDbConnection->init()
#3 /var/www/html/kia.com.ec/site/intranet.kia.com.ec/web/yii/framework/base/CModule.php(103): CModule->getComponent('db')
#4 /var/www/html/kia.com.ec/site/intranet.kia.com.ec/web/usuario/protected/views/layouts/call.php(2): CModule->__get('db')
#5 /var/www/html/kia.com.ec/site/intranet.kia.com.ec/web/yii/framework/web/CBaseController.php(126): require('/var/www/html/k...')
#6 /var/www/html/kia.com.ec/site/intranet.kia.com.ec/web/yii/framework/web/CBaseController.php(95): CBaseController->renderInternal('/var/www/html/k...', Array, true)
#7 /var/www/html/kia.com.ec/site/intranet.kia.com.ec/web/yii/framework/web/CController.php(784): CBaseController->renderFile('/var/www/html/k...', Array, true)
#8 /var/www/html/kia.com.ec/site/intranet.kia.com.ec/web/usuario/protected/controllers/SiteController.php(167): CController->render('login', Array)
#9 /var/www/html/kia.com.ec/site/intranet.kia.com.ec/web/yii/framework/web/actions/CInlineAction.php(49): SiteController->actionLogin()
#10 /var/www/html/kia.com.ec/site/intranet.kia.com.ec/web/yii/framework/web/CController.php(308): CInlineAction->runWithParams(Array)
#11 /var/www/html/kia.com.ec/site/intranet.kia.com.ec/web/yii/framework/web/CController.php(286): CController->runAction(Object(CInlineAction))
#12 /var/www/html/kia.com.ec/site/intranet.kia.com.ec/web/yii/framework/web/CController.php(265): CController->runActionWithFilters(Object(CInlineAction), Array)
#13 /var/www/html/kia.com.ec/site/intranet.kia.com.ec/web/yii/framework/web/CWebApplication.php(282): CController->run('login')
#14 /var/www/html/kia.com.ec/site/intranet.kia.com.ec/web/yii/framework/web/CWebApplication.php(141): CWebApplication->runController('site/login')
#15 /var/www/html/kia.com.ec/site/intranet.kia.com.ec/web/yii/framework/base/CApplication.php(180): CWebApplication->processRequest()
#16 /var/www/html/kia.com.ec/site/intranet.kia.com.ec/web/usuario/index.php(15): CApplication->run()
#17 {main}
REQUEST_URI=/intranet/usuario/index.php/site/login
---
2016/01/26 16:59:16 [error] [exception.CDbException] SQLSTATE[28000] [1045] Access denied for user 'root'@'localhost' (using password: NO)
2016/01/26 16:59:42 [error] [exception.CDbException] SQLSTATE[28000] [1045] Access denied for user 'root'@'localhost' (using password: NO)
2016/01/26 16:59:42 [error] [exception.CDbException] exception 'CDbException' with message 'CDbConnection failed to open the DB connection.' in /var/www/html/kia.com.ec/site/intranet.kia.com.ec/web/yii/framework/db/CDbConnection.php:388
Stack trace:
#0 /var/www/html/kia.com.ec/site/intranet.kia.com.ec/web/yii/framework/db/CDbConnection.php(330): CDbConnection->open()
#1 /var/www/html/kia.com.ec/site/intranet.kia.com.ec/web/yii/framework/db/CDbConnection.php(308): CDbConnection->setActive(true)
#2 /var/www/html/kia.com.ec/site/intranet.kia.com.ec/web/yii/framework/base/CModule.php(387): CDbConnection->init()
#3 /var/www/html/kia.com.ec/site/intranet.kia.com.ec/web/yii/framework/base/CModule.php(103): CModule->getComponent('db')
#4 /var/www/html/kia.com.ec/site/intranet.kia.com.ec/web/usuario/protected/views/layouts/call.php(2): CModule->__get('db')
#5 /var/www/html/kia.com.ec/site/intranet.kia.com.ec/web/yii/framework/web/CBaseController.php(126): require('/var/www/html/k...')
#6 /var/www/html/kia.com.ec/site/intranet.kia.com.ec/web/yii/framework/web/CBaseController.php(95): CBaseController->renderInternal('/var/www/html/k...', Array, true)
#7 /var/www/html/kia.com.ec/site/intranet.kia.com.ec/web/yii/framework/web/CController.php(784): CBaseController->renderFile('/var/www/html/k...', Array, true)
#8 /var/www/html/kia.com.ec/site/intranet.kia.com.ec/web/usuario/protected/controllers/SiteController.php(167): CController->render('login', Array)
#9 /var/www/html/kia.com.ec/site/intranet.kia.com.ec/web/yii/framework/web/actions/CInlineAction.php(49): SiteController->actionLogin()
#10 /var/www/html/kia.com.ec/site/intranet.kia.com.ec/web/yii/framework/web/CController.php(308): CInlineAction->runWithParams(Array)
#11 /var/www/html/kia.com.ec/site/intranet.kia.com.ec/web/yii/framework/web/CController.php(286): CController->runAction(Object(CInlineAction))
#12 /var/www/html/kia.com.ec/site/intranet.kia.com.ec/web/yii/framework/web/CController.php(265): CController->runActionWithFilters(Object(CInlineAction), Array)
#13 /var/www/html/kia.com.ec/site/intranet.kia.com.ec/web/yii/framework/web/CWebApplication.php(282): CController->run('login')
#14 /var/www/html/kia.com.ec/site/intranet.kia.com.ec/web/yii/framework/web/CWebApplication.php(141): CWebApplication->runController('')
#15 /var/www/html/kia.com.ec/site/intranet.kia.com.ec/web/yii/framework/base/CApplication.php(180): CWebApplication->processRequest()
#16 /var/www/html/kia.com.ec/site/intranet.kia.com.ec/web/usuario/index.php(15): CApplication->run()
#17 {main}
REQUEST_URI=/intranet/usuario/
---
2016/01/26 16:59:42 [error] [exception.CDbException] SQLSTATE[28000] [1045] Access denied for user 'root'@'localhost' (using password: NO)
2016/01/26 16:59:44 [error] [exception.CDbException] SQLSTATE[28000] [1045] Access denied for user 'root'@'localhost' (using password: NO)
2016/01/26 16:59:44 [error] [exception.CDbException] exception 'CDbException' with message 'CDbConnection failed to open the DB connection.' in /var/www/html/kia.com.ec/site/intranet.kia.com.ec/web/yii/framework/db/CDbConnection.php:388
Stack trace:
#0 /var/www/html/kia.com.ec/site/intranet.kia.com.ec/web/yii/framework/db/CDbConnection.php(330): CDbConnection->open()
#1 /var/www/html/kia.com.ec/site/intranet.kia.com.ec/web/yii/framework/db/CDbConnection.php(308): CDbConnection->setActive(true)
#2 /var/www/html/kia.com.ec/site/intranet.kia.com.ec/web/yii/framework/base/CModule.php(387): CDbConnection->init()
#3 /var/www/html/kia.com.ec/site/intranet.kia.com.ec/web/yii/framework/base/CModule.php(103): CModule->getComponent('db')
#4 /var/www/html/kia.com.ec/site/intranet.kia.com.ec/web/usuario/protected/views/layouts/call.php(2): CModule->__get('db')
#5 /var/www/html/kia.com.ec/site/intranet.kia.com.ec/web/yii/framework/web/CBaseController.php(126): require('/var/www/html/k...')
#6 /var/www/html/kia.com.ec/site/intranet.kia.com.ec/web/yii/framework/web/CBaseController.php(95): CBaseController->renderInternal('/var/www/html/k...', Array, true)
#7 /var/www/html/kia.com.ec/site/intranet.kia.com.ec/web/yii/framework/web/CController.php(784): CBaseController->renderFile('/var/www/html/k...', Array, true)
#8 /var/www/html/kia.com.ec/site/intranet.kia.com.ec/web/usuario/protected/controllers/SiteController.php(167): CController->render('login', Array)
#9 /var/www/html/kia.com.ec/site/intranet.kia.com.ec/web/yii/framework/web/actions/CInlineAction.php(49): SiteController->actionLogin()
#10 /var/www/html/kia.com.ec/site/intranet.kia.com.ec/web/yii/framework/web/CController.php(308): CInlineAction->runWithParams(Array)
#11 /var/www/html/kia.com.ec/site/intranet.kia.com.ec/web/yii/framework/web/CController.php(286): CController->runAction(Object(CInlineAction))
#12 /var/www/html/kia.com.ec/site/intranet.kia.com.ec/web/yii/framework/web/CController.php(265): CController->runActionWithFilters(Object(CInlineAction), Array)
#13 /var/www/html/kia.com.ec/site/intranet.kia.com.ec/web/yii/framework/web/CWebApplication.php(282): CController->run('login')
#14 /var/www/html/kia.com.ec/site/intranet.kia.com.ec/web/yii/framework/web/CWebApplication.php(141): CWebApplication->runController('')
#15 /var/www/html/kia.com.ec/site/intranet.kia.com.ec/web/yii/framework/base/CApplication.php(180): CWebApplication->processRequest()
#16 /var/www/html/kia.com.ec/site/intranet.kia.com.ec/web/usuario/index.php(15): CApplication->run()
#17 {main}
REQUEST_URI=/intranet/usuario/
---
2016/01/26 16:59:44 [error] [exception.CDbException] SQLSTATE[28000] [1045] Access denied for user 'root'@'localhost' (using password: NO)
2016/01/26 16:59:46 [error] [exception.CDbException] SQLSTATE[28000] [1045] Access denied for user 'root'@'localhost' (using password: NO)
2016/01/26 16:59:46 [error] [exception.CDbException] exception 'CDbException' with message 'CDbConnection failed to open the DB connection.' in /var/www/html/kia.com.ec/site/intranet.kia.com.ec/web/yii/framework/db/CDbConnection.php:388
Stack trace:
#0 /var/www/html/kia.com.ec/site/intranet.kia.com.ec/web/yii/framework/db/CDbConnection.php(330): CDbConnection->open()
#1 /var/www/html/kia.com.ec/site/intranet.kia.com.ec/web/yii/framework/db/CDbConnection.php(308): CDbConnection->setActive(true)
#2 /var/www/html/kia.com.ec/site/intranet.kia.com.ec/web/yii/framework/base/CModule.php(387): CDbConnection->init()
#3 /var/www/html/kia.com.ec/site/intranet.kia.com.ec/web/yii/framework/base/CModule.php(103): CModule->getComponent('db')
#4 /var/www/html/kia.com.ec/site/intranet.kia.com.ec/web/usuario/protected/views/layouts/call.php(2): CModule->__get('db')
#5 /var/www/html/kia.com.ec/site/intranet.kia.com.ec/web/yii/framework/web/CBaseController.php(126): require('/var/www/html/k...')
#6 /var/www/html/kia.com.ec/site/intranet.kia.com.ec/web/yii/framework/web/CBaseController.php(95): CBaseController->renderInternal('/var/www/html/k...', Array, true)
#7 /var/www/html/kia.com.ec/site/intranet.kia.com.ec/web/yii/framework/web/CController.php(784): CBaseController->renderFile('/var/www/html/k...', Array, true)
#8 /var/www/html/kia.com.ec/site/intranet.kia.com.ec/web/usuario/protected/controllers/SiteController.php(167): CController->render('login', Array)
#9 /var/www/html/kia.com.ec/site/intranet.kia.com.ec/web/yii/framework/web/actions/CInlineAction.php(49): SiteController->actionLogin()
#10 /var/www/html/kia.com.ec/site/intranet.kia.com.ec/web/yii/framework/web/CController.php(308): CInlineAction->runWithParams(Array)
#11 /var/www/html/kia.com.ec/site/intranet.kia.com.ec/web/yii/framework/web/CController.php(286): CController->runAction(Object(CInlineAction))
#12 /var/www/html/kia.com.ec/site/intranet.kia.com.ec/web/yii/framework/web/CController.php(265): CController->runActionWithFilters(Object(CInlineAction), Array)
#13 /var/www/html/kia.com.ec/site/intranet.kia.com.ec/web/yii/framework/web/CWebApplication.php(282): CController->run('login')
#14 /var/www/html/kia.com.ec/site/intranet.kia.com.ec/web/yii/framework/web/CWebApplication.php(141): CWebApplication->runController('')
#15 /var/www/html/kia.com.ec/site/intranet.kia.com.ec/web/yii/framework/base/CApplication.php(180): CWebApplication->processRequest()
#16 /var/www/html/kia.com.ec/site/intranet.kia.com.ec/web/usuario/index.php(15): CApplication->run()
#17 {main}
REQUEST_URI=/intranet/usuario/
---
2016/01/26 16:59:46 [error] [exception.CDbException] SQLSTATE[28000] [1045] Access denied for user 'root'@'localhost' (using password: NO)
2016/01/26 17:00:30 [error] [exception.CDbException] SQLSTATE[28000] [1045] Access denied for user 'root'@'localhost' (using password: NO)
2016/01/26 17:00:30 [error] [exception.CDbException] exception 'CDbException' with message 'CDbConnection failed to open the DB connection.' in /var/www/html/kia.com.ec/site/intranet.kia.com.ec/web/yii/framework/db/CDbConnection.php:388
Stack trace:
#0 /var/www/html/kia.com.ec/site/intranet.kia.com.ec/web/yii/framework/db/CDbConnection.php(330): CDbConnection->open()
#1 /var/www/html/kia.com.ec/site/intranet.kia.com.ec/web/yii/framework/db/CDbConnection.php(308): CDbConnection->setActive(true)
#2 /var/www/html/kia.com.ec/site/intranet.kia.com.ec/web/yii/framework/base/CModule.php(387): CDbConnection->init()
#3 /var/www/html/kia.com.ec/site/intranet.kia.com.ec/web/yii/framework/base/CModule.php(103): CModule->getComponent('db')
#4 /var/www/html/kia.com.ec/site/intranet.kia.com.ec/web/usuario/protected/views/layouts/call.php(2): CModule->__get('db')
#5 /var/www/html/kia.com.ec/site/intranet.kia.com.ec/web/yii/framework/web/CBaseController.php(126): require('/var/www/html/k...')
#6 /var/www/html/kia.com.ec/site/intranet.kia.com.ec/web/yii/framework/web/CBaseController.php(95): CBaseController->renderInternal('/var/www/html/k...', Array, true)
#7 /var/www/html/kia.com.ec/site/intranet.kia.com.ec/web/yii/framework/web/CController.php(784): CBaseController->renderFile('/var/www/html/k...', Array, true)
#8 /var/www/html/kia.com.ec/site/intranet.kia.com.ec/web/usuario/protected/controllers/SiteController.php(167): CController->render('login', Array)
#9 /var/www/html/kia.com.ec/site/intranet.kia.com.ec/web/yii/framework/web/actions/CInlineAction.php(49): SiteController->actionLogin()
#10 /var/www/html/kia.com.ec/site/intranet.kia.com.ec/web/yii/framework/web/CController.php(308): CInlineAction->runWithParams(Array)
#11 /var/www/html/kia.com.ec/site/intranet.kia.com.ec/web/yii/framework/web/CController.php(286): CController->runAction(Object(CInlineAction))
#12 /var/www/html/kia.com.ec/site/intranet.kia.com.ec/web/yii/framework/web/CController.php(265): CController->runActionWithFilters(Object(CInlineAction), Array)
#13 /var/www/html/kia.com.ec/site/intranet.kia.com.ec/web/yii/framework/web/CWebApplication.php(282): CController->run('login')
#14 /var/www/html/kia.com.ec/site/intranet.kia.com.ec/web/yii/framework/web/CWebApplication.php(141): CWebApplication->runController('site/login')
#15 /var/www/html/kia.com.ec/site/intranet.kia.com.ec/web/yii/framework/base/CApplication.php(180): CWebApplication->processRequest()
#16 /var/www/html/kia.com.ec/site/intranet.kia.com.ec/web/usuario/index.php(15): CApplication->run()
#17 {main}
REQUEST_URI=/intranet/usuario/index.php/site/login
---
2016/01/26 17:00:30 [error] [exception.CDbException] SQLSTATE[28000] [1045] Access denied for user 'root'@'localhost' (using password: NO)
2016/01/26 17:23:24 [error] [php] file_put_contents(/var/www/html/kia.com.ec/site/intranet.kia.com.ec/web/usuario/protected/../upload/firma/0f7b48784a876e5ae8e0de7a4c6b02f28_firma.png): failed to open stream: Permission denied (/var/www/html/kia.com.ec/site/intranet.kia.com.ec/web/usuario/protected/controllers/SiteController.php:3323)
Stack trace:
#0 /var/www/html/kia.com.ec/site/intranet.kia.com.ec/web/yii/framework/web/CController.php(308): CInlineAction->runWithParams()
#1 /var/www/html/kia.com.ec/site/intranet.kia.com.ec/web/yii/framework/web/CController.php(286): SiteController->runAction()
#2 /var/www/html/kia.com.ec/site/intranet.kia.com.ec/web/yii/framework/web/CController.php(265): SiteController->runActionWithFilters()
#3 /var/www/html/kia.com.ec/site/intranet.kia.com.ec/web/yii/framework/web/CWebApplication.php(282): SiteController->run()
#4 /var/www/html/kia.com.ec/site/intranet.kia.com.ec/web/yii/framework/web/CWebApplication.php(141): CWebApplication->runController()
#5 /var/www/html/kia.com.ec/site/intranet.kia.com.ec/web/yii/framework/base/CApplication.php(180): CWebApplication->processRequest()
#6 /var/www/html/kia.com.ec/site/intranet.kia.com.ec/web/usuario/index.php(15): CWebApplication->run()
REQUEST_URI=/intranet/usuario/index.php/site/grabarFirmaAjax
2016/01/26 17:24:43 [error] [php] file_put_contents(/var/www/html/kia.com.ec/site/intranet.kia.com.ec/web/usuario/protected/../upload/firma/0b40e8ea40bd4e2cccbfcc0501af0b2e7_firma.png): failed to open stream: Permission denied (/var/www/html/kia.com.ec/site/intranet.kia.com.ec/web/usuario/protected/controllers/SiteController.php:3323)
Stack trace:
#0 /var/www/html/kia.com.ec/site/intranet.kia.com.ec/web/yii/framework/web/CController.php(308): CInlineAction->runWithParams()
#1 /var/www/html/kia.com.ec/site/intranet.kia.com.ec/web/yii/framework/web/CController.php(286): SiteController->runAction()
#2 /var/www/html/kia.com.ec/site/intranet.kia.com.ec/web/yii/framework/web/CController.php(265): SiteController->runActionWithFilters()
#3 /var/www/html/kia.com.ec/site/intranet.kia.com.ec/web/yii/framework/web/CWebApplication.php(282): SiteController->run()
#4 /var/www/html/kia.com.ec/site/intranet.kia.com.ec/web/yii/framework/web/CWebApplication.php(141): CWebApplication->runController()
#5 /var/www/html/kia.com.ec/site/intranet.kia.com.ec/web/yii/framework/base/CApplication.php(180): CWebApplication->processRequest()
#6 /var/www/html/kia.com.ec/site/intranet.kia.com.ec/web/usuario/index.php(15): CWebApplication->run()
REQUEST_URI=/intranet/usuario/index.php/site/grabarFirmaAjax
2016/01/26 17:26:27 [error] [php] file_put_contents(/var/www/html/kia.com.ec/site/intranet.kia.com.ec/web/usuario/protected/../upload/firma/0c4aa67cbab08f7b39d47a10f7328813a_firma.png): failed to open stream: Permission denied (/var/www/html/kia.com.ec/site/intranet.kia.com.ec/web/usuario/protected/controllers/SiteController.php:3323)
Stack trace:
#0 /var/www/html/kia.com.ec/site/intranet.kia.com.ec/web/yii/framework/web/CController.php(308): CInlineAction->runWithParams()
#1 /var/www/html/kia.com.ec/site/intranet.kia.com.ec/web/yii/framework/web/CController.php(286): SiteController->runAction()
#2 /var/www/html/kia.com.ec/site/intranet.kia.com.ec/web/yii/framework/web/CController.php(265): SiteController->runActionWithFilters()
#3 /var/www/html/kia.com.ec/site/intranet.kia.com.ec/web/yii/framework/web/CWebApplication.php(282): SiteController->run()
#4 /var/www/html/kia.com.ec/site/intranet.kia.com.ec/web/yii/framework/web/CWebApplication.php(141): CWebApplication->runController()
#5 /var/www/html/kia.com.ec/site/intranet.kia.com.ec/web/yii/framework/base/CApplication.php(180): CWebApplication->processRequest()
#6 /var/www/html/kia.com.ec/site/intranet.kia.com.ec/web/usuario/index.php(15): CWebApplication->run()
REQUEST_URI=/intranet/usuario/index.php/site/grabarFirmaAjax
2016/01/26 17:34:05 [error] [exception.CDbException] SQLSTATE[28000] [1045] Access denied for user 'root'@'localhost' (using password: NO)
2016/01/26 17:34:05 [error] [exception.CDbException] exception 'CDbException' with message 'CDbConnection failed to open the DB connection.' in /var/www/html/kia.com.ec/site/intranet.kia.com.ec/web/yii/framework/db/CDbConnection.php:388
Stack trace:
#0 /var/www/html/kia.com.ec/site/intranet.kia.com.ec/web/yii/framework/db/CDbConnection.php(330): CDbConnection->open()
#1 /var/www/html/kia.com.ec/site/intranet.kia.com.ec/web/yii/framework/db/CDbConnection.php(308): CDbConnection->setActive(true)
#2 /var/www/html/kia.com.ec/site/intranet.kia.com.ec/web/yii/framework/base/CModule.php(387): CDbConnection->init()
#3 /var/www/html/kia.com.ec/site/intranet.kia.com.ec/web/yii/framework/base/CModule.php(103): CModule->getComponent('db2')
#4 /var/www/html/kia.com.ec/site/intranet.kia.com.ec/web/usuario/protected/components/Controller.php(1552): CModule->__get('db2')
#5 /var/www/html/kia.com.ec/site/intranet.kia.com.ec/web/usuario/protected/controllers/SiteController.php(144): Controller->traercotizaciones()
#6 /var/www/html/kia.com.ec/site/intranet.kia.com.ec/web/yii/framework/web/actions/CInlineAction.php(49): SiteController->actionLogin()
#7 /var/www/html/kia.com.ec/site/intranet.kia.com.ec/web/yii/framework/web/CController.php(308): CInlineAction->runWithParams(Array)
#8 /var/www/html/kia.com.ec/site/intranet.kia.com.ec/web/yii/framework/web/CController.php(286): CController->runAction(Object(CInlineAction))
#9 /var/www/html/kia.com.ec/site/intranet.kia.com.ec/web/yii/framework/web/CController.php(265): CController->runActionWithFilters(Object(CInlineAction), Array)
#10 /var/www/html/kia.com.ec/site/intranet.kia.com.ec/web/yii/framework/web/CWebApplication.php(282): CController->run('login')
#11 /var/www/html/kia.com.ec/site/intranet.kia.com.ec/web/yii/framework/web/CWebApplication.php(141): CWebApplication->runController('site/login')
#12 /var/www/html/kia.com.ec/site/intranet.kia.com.ec/web/yii/framework/base/CApplication.php(180): CWebApplication->processRequest()
#13 /var/www/html/kia.com.ec/site/intranet.kia.com.ec/web/usuario/index.php(15): CApplication->run()
#14 {main}
REQUEST_URI=/intranet/usuario/index.php/site/login
HTTP_REFERER=https://www.kia.com.ec/intranet/usuario/index.php/site/login
---
2016/01/26 17:35:13 [error] [exception.CDbException] SQLSTATE[28000] [1045] Access denied for user 'root'@'localhost' (using password: NO)
2016/01/26 17:35:13 [error] [exception.CDbException] exception 'CDbException' with message 'CDbConnection failed to open the DB connection.' in /var/www/html/kia.com.ec/site/intranet.kia.com.ec/web/yii/framework/db/CDbConnection.php:388
Stack trace:
#0 /var/www/html/kia.com.ec/site/intranet.kia.com.ec/web/yii/framework/db/CDbConnection.php(330): CDbConnection->open()
#1 /var/www/html/kia.com.ec/site/intranet.kia.com.ec/web/yii/framework/db/CDbConnection.php(308): CDbConnection->setActive(true)
#2 /var/www/html/kia.com.ec/site/intranet.kia.com.ec/web/yii/framework/base/CModule.php(387): CDbConnection->init()
#3 /var/www/html/kia.com.ec/site/intranet.kia.com.ec/web/yii/framework/base/CModule.php(103): CModule->getComponent('db2')
#4 /var/www/html/kia.com.ec/site/intranet.kia.com.ec/web/usuario/protected/components/Controller.php(1552): CModule->__get('db2')
#5 /var/www/html/kia.com.ec/site/intranet.kia.com.ec/web/usuario/protected/controllers/SiteController.php(41): Controller->traercotizaciones()
#6 [internal function]: SiteController->actionMenu('a87ff679a2f3e71...', 'usuarios')
#7 /var/www/html/kia.com.ec/site/intranet.kia.com.ec/web/yii/framework/web/actions/CAction.php(108): ReflectionMethod->invokeArgs(Object(SiteController), Array)
#8 /var/www/html/kia.com.ec/site/intranet.kia.com.ec/web/yii/framework/web/actions/CInlineAction.php(47): CAction->runWithParamsInternal(Object(SiteController), Object(ReflectionMethod), Array)
#9 /var/www/html/kia.com.ec/site/intranet.kia.com.ec/web/yii/framework/web/CController.php(308): CInlineAction->runWithParams(Array)
#10 /var/www/html/kia.com.ec/site/intranet.kia.com.ec/web/yii/framework/web/CController.php(286): CController->runAction(Object(CInlineAction))
#11 /var/www/html/kia.com.ec/site/intranet.kia.com.ec/web/yii/framework/web/CController.php(265): CController->runActionWithFilters(Object(CInlineAction), Array)
#12 /var/www/html/kia.com.ec/site/intranet.kia.com.ec/web/yii/framework/web/CWebApplication.php(282): CController->run('menu')
#13 /var/www/html/kia.com.ec/site/intranet.kia.com.ec/web/yii/framework/web/CWebApplication.php(141): CWebApplication->runController('site/menu/opcio...')
#14 /var/www/html/kia.com.ec/site/intranet.kia.com.ec/web/yii/framework/base/CApplication.php(180): CWebApplication->processRequest()
#15 /var/www/html/kia.com.ec/site/intranet.kia.com.ec/web/usuario/index.php(15): CApplication->run()
#16 {main}
REQUEST_URI=/intranet/usuario/index.php/site/menu/opcion/a87ff679a2f3e71d9181a67b7542122c/tipo/usuarios
HTTP_REFERER=https://www.kia.com.ec/intranet/usuario/index.php/site/dashboard
---
2016/01/26 17:40:53 [error] [exception.CDbException] SQLSTATE[28000] [1045] Access denied for user 'root'@'localhost' (using password: NO)
2016/01/26 17:40:53 [error] [exception.CDbException] exception 'CDbException' with message 'CDbConnection failed to open the DB connection.' in /var/www/html/kia.com.ec/site/intranet.kia.com.ec/web/yii/framework/db/CDbConnection.php:388
Stack trace:
#0 /var/www/html/kia.com.ec/site/intranet.kia.com.ec/web/yii/framework/db/CDbConnection.php(330): CDbConnection->open()
#1 /var/www/html/kia.com.ec/site/intranet.kia.com.ec/web/yii/framework/db/CDbConnection.php(308): CDbConnection->setActive(true)
#2 /var/www/html/kia.com.ec/site/intranet.kia.com.ec/web/yii/framework/base/CModule.php(387): CDbConnection->init()
#3 /var/www/html/kia.com.ec/site/intranet.kia.com.ec/web/yii/framework/base/CModule.php(103): CModule->getComponent('db2')
#4 /var/www/html/kia.com.ec/site/intranet.kia.com.ec/web/usuario/protected/components/Controller.php(1552): CModule->__get('db2')
#5 /var/www/html/kia.com.ec/site/intranet.kia.com.ec/web/usuario/protected/controllers/SiteController.php(144): Controller->traercotizaciones()
#6 /var/www/html/kia.com.ec/site/intranet.kia.com.ec/web/yii/framework/web/actions/CInlineAction.php(49): SiteController->actionLogin()
#7 /var/www/html/kia.com.ec/site/intranet.kia.com.ec/web/yii/framework/web/CController.php(308): CInlineAction->runWithParams(Array)
#8 /var/www/html/kia.com.ec/site/intranet.kia.com.ec/web/yii/framework/web/CController.php(286): CController->runAction(Object(CInlineAction))
#9 /var/www/html/kia.com.ec/site/intranet.kia.com.ec/web/yii/framework/web/CController.php(265): CController->runActionWithFilters(Object(CInlineAction), Array)
#10 /var/www/html/kia.com.ec/site/intranet.kia.com.ec/web/yii/framework/web/CWebApplication.php(282): CController->run('login')
#11 /var/www/html/kia.com.ec/site/intranet.kia.com.ec/web/yii/framework/web/CWebApplication.php(141): CWebApplication->runController('')
#12 /var/www/html/kia.com.ec/site/intranet.kia.com.ec/web/yii/framework/base/CApplication.php(180): CWebApplication->processRequest()
#13 /var/www/html/kia.com.ec/site/intranet.kia.com.ec/web/usuario/index.php(15): CApplication->run()
#14 {main}
REQUEST_URI=/intranet/usuario/index.php
HTTP_REFERER=https://www.kia.com.ec/intranet/usuario/index.php
---
2016/01/26 17:41:42 [error] [exception.CDbException] SQLSTATE[28000] [1045] Access denied for user 'root'@'localhost' (using password: NO)
2016/01/26 17:41:42 [error] [exception.CDbException] exception 'CDbException' with message 'CDbConnection failed to open the DB connection.' in /var/www/html/kia.com.ec/site/intranet.kia.com.ec/web/yii/framework/db/CDbConnection.php:388
Stack trace:
#0 /var/www/html/kia.com.ec/site/intranet.kia.com.ec/web/yii/framework/db/CDbConnection.php(330): CDbConnection->open()
#1 /var/www/html/kia.com.ec/site/intranet.kia.com.ec/web/yii/framework/db/CDbConnection.php(308): CDbConnection->setActive(true)
#2 /var/www/html/kia.com.ec/site/intranet.kia.com.ec/web/yii/framework/base/CModule.php(387): CDbConnection->init()
#3 /var/www/html/kia.com.ec/site/intranet.kia.com.ec/web/yii/framework/base/CModule.php(103): CModule->getComponent('db2')
#4 /var/www/html/kia.com.ec/site/intranet.kia.com.ec/web/usuario/protected/components/Controller.php(1552): CModule->__get('db2')
#5 /var/www/html/kia.com.ec/site/intranet.kia.com.ec/web/usuario/protected/controllers/SiteController.php(41): Controller->traercotizaciones()
#6 [internal function]: SiteController->actionMenu('a87ff679a2f3e71...', 'usuarios')
#7 /var/www/html/kia.com.ec/site/intranet.kia.com.ec/web/yii/framework/web/actions/CAction.php(108): ReflectionMethod->invokeArgs(Object(SiteController), Array)
#8 /var/www/html/kia.com.ec/site/intranet.kia.com.ec/web/yii/framework/web/actions/CInlineAction.php(47): CAction->runWithParamsInternal(Object(SiteController), Object(ReflectionMethod), Array)
#9 /var/www/html/kia.com.ec/site/intranet.kia.com.ec/web/yii/framework/web/CController.php(308): CInlineAction->runWithParams(Array)
#10 /var/www/html/kia.com.ec/site/intranet.kia.com.ec/web/yii/framework/web/CController.php(286): CController->runAction(Object(CInlineAction))
#11 /var/www/html/kia.com.ec/site/intranet.kia.com.ec/web/yii/framework/web/CController.php(265): CController->runActionWithFilters(Object(CInlineAction), Array)
#12 /var/www/html/kia.com.ec/site/intranet.kia.com.ec/web/yii/framework/web/CWebApplication.php(282): CController->run('menu')
#13 /var/www/html/kia.com.ec/site/intranet.kia.com.ec/web/yii/framework/web/CWebApplication.php(141): CWebApplication->runController('site/menu/opcio...')
#14 /var/www/html/kia.com.ec/site/intranet.kia.com.ec/web/yii/framework/base/CApplication.php(180): CWebApplication->processRequest()
#15 /var/www/html/kia.com.ec/site/intranet.kia.com.ec/web/usuario/index.php(15): CApplication->run()
#16 {main}
REQUEST_URI=/intranet/usuario/index.php/site/menu/opcion/a87ff679a2f3e71d9181a67b7542122c/tipo/usuarios
HTTP_REFERER=https://www.kia.com.ec/intranet/usuario/index.php/site/dashboard
---
2016/01/26 17:56:10 [error] [exception.CDbException] SQLSTATE[28000] [1045] Access denied for user 'root'@'localhost' (using password: NO)
2016/01/26 17:56:10 [error] [exception.CDbException] exception 'CDbException' with message 'CDbConnection failed to open the DB connection.' in /var/www/html/kia.com.ec/site/intranet.kia.com.ec/web/yii/framework/db/CDbConnection.php:388
Stack trace:
#0 /var/www/html/kia.com.ec/site/intranet.kia.com.ec/web/yii/framework/db/CDbConnection.php(330): CDbConnection->open()
#1 /var/www/html/kia.com.ec/site/intranet.kia.com.ec/web/yii/framework/db/CDbConnection.php(308): CDbConnection->setActive(true)
#2 /var/www/html/kia.com.ec/site/intranet.kia.com.ec/web/yii/framework/base/CModule.php(387): CDbConnection->init()
#3 /var/www/html/kia.com.ec/site/intranet.kia.com.ec/web/yii/framework/base/CModule.php(103): CModule->getComponent('db2')
#4 /var/www/html/kia.com.ec/site/intranet.kia.com.ec/web/usuario/protected/components/Controller.php(1552): CModule->__get('db2')
#5 /var/www/html/kia.com.ec/site/intranet.kia.com.ec/web/usuario/protected/controllers/SiteController.php(144): Controller->traercotizaciones()
#6 /var/www/html/kia.com.ec/site/intranet.kia.com.ec/web/yii/framework/web/actions/CInlineAction.php(49): SiteController->actionLogin()
#7 /var/www/html/kia.com.ec/site/intranet.kia.com.ec/web/yii/framework/web/CController.php(308): CInlineAction->runWithParams(Array)
#8 /var/www/html/kia.com.ec/site/intranet.kia.com.ec/web/yii/framework/web/CController.php(286): CController->runAction(Object(CInlineAction))
#9 /var/www/html/kia.com.ec/site/intranet.kia.com.ec/web/yii/framework/web/CController.php(265): CController->runActionWithFilters(Object(CInlineAction), Array)
#10 /var/www/html/kia.com.ec/site/intranet.kia.com.ec/web/yii/framework/web/CWebApplication.php(282): CController->run('login')
#11 /var/www/html/kia.com.ec/site/intranet.kia.com.ec/web/yii/framework/web/CWebApplication.php(141): CWebApplication->runController('')
#12 /var/www/html/kia.com.ec/site/intranet.kia.com.ec/web/yii/framework/base/CApplication.php(180): CWebApplication->processRequest()
#13 /var/www/html/kia.com.ec/site/intranet.kia.com.ec/web/usuario/index.php(15): CApplication->run()
#14 {main}
REQUEST_URI=/intranet/usuario/index.php
HTTP_REFERER=https://www.kia.com.ec/intranet/usuario/index.php
---
2016/01/26 17:57:36 [error] [exception.CDbException] SQLSTATE[28000] [1045] Access denied for user 'root'@'localhost' (using password: NO)
2016/01/26 17:57:36 [error] [exception.CDbException] exception 'CDbException' with message 'CDbConnection failed to open the DB connection.' in /var/www/html/kia.com.ec/site/intranet.kia.com.ec/web/yii/framework/db/CDbConnection.php:388
Stack trace:
#0 /var/www/html/kia.com.ec/site/intranet.kia.com.ec/web/yii/framework/db/CDbConnection.php(330): CDbConnection->open()
#1 /var/www/html/kia.com.ec/site/intranet.kia.com.ec/web/yii/framework/db/CDbConnection.php(308): CDbConnection->setActive(true)
#2 /var/www/html/kia.com.ec/site/intranet.kia.com.ec/web/yii/framework/base/CModule.php(387): CDbConnection->init()
#3 /var/www/html/kia.com.ec/site/intranet.kia.com.ec/web/yii/framework/base/CModule.php(103): CModule->getComponent('db2')
#4 /var/www/html/kia.com.ec/site/intranet.kia.com.ec/web/usuario/protected/components/Controller.php(1552): CModule->__get('db2')
#5 /var/www/html/kia.com.ec/site/intranet.kia.com.ec/web/usuario/protected/controllers/SiteController.php(144): Controller->traercotizaciones()
#6 /var/www/html/kia.com.ec/site/intranet.kia.com.ec/web/yii/framework/web/actions/CInlineAction.php(49): SiteController->actionLogin()
#7 /var/www/html/kia.com.ec/site/intranet.kia.com.ec/web/yii/framework/web/CController.php(308): CInlineAction->runWithParams(Array)
#8 /var/www/html/kia.com.ec/site/intranet.kia.com.ec/web/yii/framework/web/CController.php(286): CController->runAction(Object(CInlineAction))
#9 /var/www/html/kia.com.ec/site/intranet.kia.com.ec/web/yii/framework/web/CController.php(265): CController->runActionWithFilters(Object(CInlineAction), Array)
#10 /var/www/html/kia.com.ec/site/intranet.kia.com.ec/web/yii/framework/web/CWebApplication.php(282): CController->run('login')
#11 /var/www/html/kia.com.ec/site/intranet.kia.com.ec/web/yii/framework/web/CWebApplication.php(141): CWebApplication->runController('')
#12 /var/www/html/kia.com.ec/site/intranet.kia.com.ec/web/yii/framework/base/CApplication.php(180): CWebApplication->processRequest()
#13 /var/www/html/kia.com.ec/site/intranet.kia.com.ec/web/usuario/index.php(15): CApplication->run()
#14 {main}
REQUEST_URI=/intranet/usuario/index.php
HTTP_REFERER=https://www.kia.com.ec/intranet/usuario/index.php
---
2016/01/26 17:58:25 [error] [exception.CDbException] SQLSTATE[28000] [1045] Access denied for user 'root'@'localhost' (using password: NO)
2016/01/26 17:58:25 [error] [exception.CDbException] exception 'CDbException' with message 'CDbConnection failed to open the DB connection.' in /var/www/html/kia.com.ec/site/intranet.kia.com.ec/web/yii/framework/db/CDbConnection.php:388
Stack trace:
#0 /var/www/html/kia.com.ec/site/intranet.kia.com.ec/web/yii/framework/db/CDbConnection.php(330): CDbConnection->open()
#1 /var/www/html/kia.com.ec/site/intranet.kia.com.ec/web/yii/framework/db/CDbConnection.php(308): CDbConnection->setActive(true)
#2 /var/www/html/kia.com.ec/site/intranet.kia.com.ec/web/yii/framework/base/CModule.php(387): CDbConnection->init()
#3 /var/www/html/kia.com.ec/site/intranet.kia.com.ec/web/yii/framework/base/CModule.php(103): CModule->getComponent('db2')
#4 /var/www/html/kia.com.ec/site/intranet.kia.com.ec/web/usuario/protected/components/Controller.php(1552): CModule->__get('db2')
#5 /var/www/html/kia.com.ec/site/intranet.kia.com.ec/web/usuario/protected/controllers/SiteController.php(144): Controller->traercotizaciones()
#6 /var/www/html/kia.com.ec/site/intranet.kia.com.ec/web/yii/framework/web/actions/CInlineAction.php(49): SiteController->actionLogin()
#7 /var/www/html/kia.com.ec/site/intranet.kia.com.ec/web/yii/framework/web/CController.php(308): CInlineAction->runWithParams(Array)
#8 /var/www/html/kia.com.ec/site/intranet.kia.com.ec/web/yii/framework/web/CController.php(286): CController->runAction(Object(CInlineAction))
#9 /var/www/html/kia.com.ec/site/intranet.kia.com.ec/web/yii/framework/web/CController.php(265): CController->runActionWithFilters(Object(CInlineAction), Array)
#10 /var/www/html/kia.com.ec/site/intranet.kia.com.ec/web/yii/framework/web/CWebApplication.php(282): CController->run('login')
#11 /var/www/html/kia.com.ec/site/intranet.kia.com.ec/web/yii/framework/web/CWebApplication.php(141): CWebApplication->runController('')
#12 /var/www/html/kia.com.ec/site/intranet.kia.com.ec/web/yii/framework/base/CApplication.php(180): CWebApplication->processRequest()
#13 /var/www/html/kia.com.ec/site/intranet.kia.com.ec/web/usuario/index.php(15): CApplication->run()
#14 {main}
REQUEST_URI=/intranet/usuario/index.php
HTTP_REFERER=https://www.kia.com.ec/intranet/usuario/index.php
---
2016/01/26 17:59:04 [error] [exception.CDbException] SQLSTATE[28000] [1045] Access denied for user 'root'@'localhost' (using password: NO)
2016/01/26 17:59:04 [error] [exception.CDbException] exception 'CDbException' with message 'CDbConnection failed to open the DB connection.' in /var/www/html/kia.com.ec/site/intranet.kia.com.ec/web/yii/framework/db/CDbConnection.php:388
Stack trace:
#0 /var/www/html/kia.com.ec/site/intranet.kia.com.ec/web/yii/framework/db/CDbConnection.php(330): CDbConnection->open()
#1 /var/www/html/kia.com.ec/site/intranet.kia.com.ec/web/yii/framework/db/CDbConnection.php(308): CDbConnection->setActive(true)
#2 /var/www/html/kia.com.ec/site/intranet.kia.com.ec/web/yii/framework/base/CModule.php(387): CDbConnection->init()
#3 /var/www/html/kia.com.ec/site/intranet.kia.com.ec/web/yii/framework/base/CModule.php(103): CModule->getComponent('db2')
#4 /var/www/html/kia.com.ec/site/intranet.kia.com.ec/web/usuario/protected/components/Controller.php(1552): CModule->__get('db2')
#5 /var/www/html/kia.com.ec/site/intranet.kia.com.ec/web/usuario/protected/controllers/SiteController.php(41): Controller->traercotizaciones()
#6 [internal function]: SiteController->actionMenu('a87ff679a2f3e71...', 'usuarios')
#7 /var/www/html/kia.com.ec/site/intranet.kia.com.ec/web/yii/framework/web/actions/CAction.php(108): ReflectionMethod->invokeArgs(Object(SiteController), Array)
#8 /var/www/html/kia.com.ec/site/intranet.kia.com.ec/web/yii/framework/web/actions/CInlineAction.php(47): CAction->runWithParamsInternal(Object(SiteController), Object(ReflectionMethod), Array)
#9 /var/www/html/kia.com.ec/site/intranet.kia.com.ec/web/yii/framework/web/CController.php(308): CInlineAction->runWithParams(Array)
#10 /var/www/html/kia.com.ec/site/intranet.kia.com.ec/web/yii/framework/web/CController.php(286): CController->runAction(Object(CInlineAction))
#11 /var/www/html/kia.com.ec/site/intranet.kia.com.ec/web/yii/framework/web/CController.php(265): CController->runActionWithFilters(Object(CInlineAction), Array)
#12 /var/www/html/kia.com.ec/site/intranet.kia.com.ec/web/yii/framework/web/CWebApplication.php(282): CController->run('menu')
#13 /var/www/html/kia.com.ec/site/intranet.kia.com.ec/web/yii/framework/web/CWebApplication.php(141): CWebApplication->runController('site/menu/opcio...')
#14 /var/www/html/kia.com.ec/site/intranet.kia.com.ec/web/yii/framework/base/CApplication.php(180): CWebApplication->processRequest()
#15 /var/www/html/kia.com.ec/site/intranet.kia.com.ec/web/usuario/index.php(15): CApplication->run()
#16 {main}
REQUEST_URI=/intranet/usuario/index.php/site/menu/opcion/a87ff679a2f3e71d9181a67b7542122c/tipo/usuarios
HTTP_REFERER=https://www.kia.com.ec/intranet/usuario/index.php/site/dashboard
---
2016/01/26 17:59:57 [error] [exception.CDbException] SQLSTATE[28000] [1045] Access denied for user 'root'@'localhost' (using password: NO)
2016/01/26 17:59:57 [error] [exception.CDbException] exception 'CDbException' with message 'CDbConnection failed to open the DB connection.' in /var/www/html/kia.com.ec/site/intranet.kia.com.ec/web/yii/framework/db/CDbConnection.php:388
Stack trace:
#0 /var/www/html/kia.com.ec/site/intranet.kia.com.ec/web/yii/framework/db/CDbConnection.php(330): CDbConnection->open()
#1 /var/www/html/kia.com.ec/site/intranet.kia.com.ec/web/yii/framework/db/CDbConnection.php(308): CDbConnection->setActive(true)
#2 /var/www/html/kia.com.ec/site/intranet.kia.com.ec/web/yii/framework/base/CModule.php(387): CDbConnection->init()
#3 /var/www/html/kia.com.ec/site/intranet.kia.com.ec/web/yii/framework/base/CModule.php(103): CModule->getComponent('db2')
#4 /var/www/html/kia.com.ec/site/intranet.kia.com.ec/web/usuario/protected/components/Controller.php(1552): CModule->__get('db2')
#5 /var/www/html/kia.com.ec/site/intranet.kia.com.ec/web/usuario/protected/controllers/SiteController.php(144): Controller->traercotizaciones()
#6 /var/www/html/kia.com.ec/site/intranet.kia.com.ec/web/yii/framework/web/actions/CInlineAction.php(49): SiteController->actionLogin()
#7 /var/www/html/kia.com.ec/site/intranet.kia.com.ec/web/yii/framework/web/CController.php(308): CInlineAction->runWithParams(Array)
#8 /var/www/html/kia.com.ec/site/intranet.kia.com.ec/web/yii/framework/web/CController.php(286): CController->runAction(Object(CInlineAction))
#9 /var/www/html/kia.com.ec/site/intranet.kia.com.ec/web/yii/framework/web/CController.php(265): CController->runActionWithFilters(Object(CInlineAction), Array)
#10 /var/www/html/kia.com.ec/site/intranet.kia.com.ec/web/yii/framework/web/CWebApplication.php(282): CController->run('login')
#11 /var/www/html/kia.com.ec/site/intranet.kia.com.ec/web/yii/framework/web/CWebApplication.php(141): CWebApplication->runController('')
#12 /var/www/html/kia.com.ec/site/intranet.kia.com.ec/web/yii/framework/base/CApplication.php(180): CWebApplication->processRequest()
#13 /var/www/html/kia.com.ec/site/intranet.kia.com.ec/web/usuario/index.php(15): CApplication->run()
#14 {main}
REQUEST_URI=/intranet/usuario/
HTTP_REFERER=https://www.kia.com.ec/intranet/usuario/
---
2016/01/26 18:00:21 [error] [exception.CDbException] SQLSTATE[28000] [1045] Access denied for user 'root'@'localhost' (using password: NO)
2016/01/26 18:00:21 [error] [exception.CDbException] exception 'CDbException' with message 'CDbConnection failed to open the DB connection.' in /var/www/html/kia.com.ec/site/intranet.kia.com.ec/web/yii/framework/db/CDbConnection.php:388
Stack trace:
#0 /var/www/html/kia.com.ec/site/intranet.kia.com.ec/web/yii/framework/db/CDbConnection.php(330): CDbConnection->open()
#1 /var/www/html/kia.com.ec/site/intranet.kia.com.ec/web/yii/framework/db/CDbConnection.php(308): CDbConnection->setActive(true)
#2 /var/www/html/kia.com.ec/site/intranet.kia.com.ec/web/yii/framework/base/CModule.php(387): CDbConnection->init()
#3 /var/www/html/kia.com.ec/site/intranet.kia.com.ec/web/yii/framework/base/CModule.php(103): CModule->getComponent('db2')
#4 /var/www/html/kia.com.ec/site/intranet.kia.com.ec/web/usuario/protected/components/Controller.php(1552): CModule->__get('db2')
#5 /var/www/html/kia.com.ec/site/intranet.kia.com.ec/web/usuario/protected/controllers/SiteController.php(144): Controller->traercotizaciones()
#6 /var/www/html/kia.com.ec/site/intranet.kia.com.ec/web/yii/framework/web/actions/CInlineAction.php(49): SiteController->actionLogin()
#7 /var/www/html/kia.com.ec/site/intranet.kia.com.ec/web/yii/framework/web/CController.php(308): CInlineAction->runWithParams(Array)
#8 /var/www/html/kia.com.ec/site/intranet.kia.com.ec/web/yii/framework/web/CController.php(286): CController->runAction(Object(CInlineAction))
#9 /var/www/html/kia.com.ec/site/intranet.kia.com.ec/web/yii/framework/web/CController.php(265): CController->runActionWithFilters(Object(CInlineAction), Array)
#10 /var/www/html/kia.com.ec/site/intranet.kia.com.ec/web/yii/framework/web/CWebApplication.php(282): CController->run('login')
#11 /var/www/html/kia.com.ec/site/intranet.kia.com.ec/web/yii/framework/web/CWebApplication.php(141): CWebApplication->runController('')
#12 /var/www/html/kia.com.ec/site/intranet.kia.com.ec/web/yii/framework/base/CApplication.php(180): CWebApplication->processRequest()
#13 /var/www/html/kia.com.ec/site/intranet.kia.com.ec/web/usuario/index.php(15): CApplication->run()
#14 {main}
REQUEST_URI=/intranet/usuario/index.php
HTTP_REFERER=https://www.kia.com.ec/intranet/usuario/index.php
---
2016/01/26 18:00:39 [error] [exception.CDbException] SQLSTATE[28000] [1045] Access denied for user 'root'@'localhost' (using password: NO)
2016/01/26 18:00:39 [error] [exception.CDbException] exception 'CDbException' with message 'CDbConnection failed to open the DB connection.' in /var/www/html/kia.com.ec/site/intranet.kia.com.ec/web/yii/framework/db/CDbConnection.php:388
Stack trace:
#0 /var/www/html/kia.com.ec/site/intranet.kia.com.ec/web/yii/framework/db/CDbConnection.php(330): CDbConnection->open()
#1 /var/www/html/kia.com.ec/site/intranet.kia.com.ec/web/yii/framework/db/CDbConnection.php(308): CDbConnection->setActive(true)
#2 /var/www/html/kia.com.ec/site/intranet.kia.com.ec/web/yii/framework/base/CModule.php(387): CDbConnection->init()
#3 /var/www/html/kia.com.ec/site/intranet.kia.com.ec/web/yii/framework/base/CModule.php(103): CModule->getComponent('db2')
#4 /var/www/html/kia.com.ec/site/intranet.kia.com.ec/web/usuario/protected/components/Controller.php(1552): CModule->__get('db2')
#5 /var/www/html/kia.com.ec/site/intranet.kia.com.ec/web/usuario/protected/controllers/SiteController.php(144): Controller->traercotizaciones()
#6 /var/www/html/kia.com.ec/site/intranet.kia.com.ec/web/yii/framework/web/actions/CInlineAction.php(49): SiteController->actionLogin()
#7 /var/www/html/kia.com.ec/site/intranet.kia.com.ec/web/yii/framework/web/CController.php(308): CInlineAction->runWithParams(Array)
#8 /var/www/html/kia.com.ec/site/intranet.kia.com.ec/web/yii/framework/web/CController.php(286): CController->runAction(Object(CInlineAction))
#9 /var/www/html/kia.com.ec/site/intranet.kia.com.ec/web/yii/framework/web/CController.php(265): CController->runActionWithFilters(Object(CInlineAction), Array)
#10 /var/www/html/kia.com.ec/site/intranet.kia.com.ec/web/yii/framework/web/CWebApplication.php(282): CController->run('login')
#11 /var/www/html/kia.com.ec/site/intranet.kia.com.ec/web/yii/framework/web/CWebApplication.php(141): CWebApplication->runController('')
#12 /var/www/html/kia.com.ec/site/intranet.kia.com.ec/web/yii/framework/base/CApplication.php(180): CWebApplication->processRequest()
#13 /var/www/html/kia.com.ec/site/intranet.kia.com.ec/web/usuario/index.php(15): CApplication->run()
#14 {main}
REQUEST_URI=/intranet/usuario/index.php
HTTP_REFERER=https://www.kia.com.ec/intranet/usuario/index.php
---
2016/01/26 18:03:58 [error] [exception.CDbException] SQLSTATE[28000] [1045] Access denied for user 'root'@'localhost' (using password: NO)
2016/01/26 18:03:58 [error] [exception.CDbException] exception 'CDbException' with message 'CDbConnection failed to open the DB connection.' in /var/www/html/kia.com.ec/site/intranet.kia.com.ec/web/yii/framework/db/CDbConnection.php:388
Stack trace:
#0 /var/www/html/kia.com.ec/site/intranet.kia.com.ec/web/yii/framework/db/CDbConnection.php(330): CDbConnection->open()
#1 /var/www/html/kia.com.ec/site/intranet.kia.com.ec/web/yii/framework/db/CDbConnection.php(308): CDbConnection->setActive(true)
#2 /var/www/html/kia.com.ec/site/intranet.kia.com.ec/web/yii/framework/base/CModule.php(387): CDbConnection->init()
#3 /var/www/html/kia.com.ec/site/intranet.kia.com.ec/web/yii/framework/base/CModule.php(103): CModule->getComponent('db2')
#4 /var/www/html/kia.com.ec/site/intranet.kia.com.ec/web/usuario/protected/components/Controller.php(1552): CModule->__get('db2')
#5 /var/www/html/kia.com.ec/site/intranet.kia.com.ec/web/usuario/protected/controllers/SiteController.php(144): Controller->traercotizaciones()
#6 /var/www/html/kia.com.ec/site/intranet.kia.com.ec/web/yii/framework/web/actions/CInlineAction.php(49): SiteController->actionLogin()
#7 /var/www/html/kia.com.ec/site/intranet.kia.com.ec/web/yii/framework/web/CController.php(308): CInlineAction->runWithParams(Array)
#8 /var/www/html/kia.com.ec/site/intranet.kia.com.ec/web/yii/framework/web/CController.php(286): CController->runAction(Object(CInlineAction))
#9 /var/www/html/kia.com.ec/site/intranet.kia.com.ec/web/yii/framework/web/CController.php(265): CController->runActionWithFilters(Object(CInlineAction), Array)
#10 /var/www/html/kia.com.ec/site/intranet.kia.com.ec/web/yii/framework/web/CWebApplication.php(282): CController->run('login')
#11 /var/www/html/kia.com.ec/site/intranet.kia.com.ec/web/yii/framework/web/CWebApplication.php(141): CWebApplication->runController('')
#12 /var/www/html/kia.com.ec/site/intranet.kia.com.ec/web/yii/framework/base/CApplication.php(180): CWebApplication->processRequest()
#13 /var/www/html/kia.com.ec/site/intranet.kia.com.ec/web/usuario/index.php(15): CApplication->run()
#14 {main}
REQUEST_URI=/intranet/usuario/index.php
HTTP_REFERER=https://www.kia.com.ec/intranet/usuario/index.php
---
2016/01/26 18:14:14 [error] [exception.CDbException] SQLSTATE[28000] [1045] Access denied for user 'root'@'localhost' (using password: NO)
2016/01/26 18:14:14 [error] [exception.CDbException] exception 'CDbException' with message 'CDbConnection failed to open the DB connection.' in /var/www/html/kia.com.ec/site/intranet.kia.com.ec/web/yii/framework/db/CDbConnection.php:388
Stack trace:
#0 /var/www/html/kia.com.ec/site/intranet.kia.com.ec/web/yii/framework/db/CDbConnection.php(330): CDbConnection->open()
#1 /var/www/html/kia.com.ec/site/intranet.kia.com.ec/web/yii/framework/db/CDbConnection.php(308): CDbConnection->setActive(true)
#2 /var/www/html/kia.com.ec/site/intranet.kia.com.ec/web/yii/framework/base/CModule.php(387): CDbConnection->init()
#3 /var/www/html/kia.com.ec/site/intranet.kia.com.ec/web/yii/framework/base/CModule.php(103): CModule->getComponent('db2')
#4 /var/www/html/kia.com.ec/site/intranet.kia.com.ec/web/usuario/protected/components/Controller.php(1552): CModule->__get('db2')
#5 /var/www/html/kia.com.ec/site/intranet.kia.com.ec/web/usuario/protected/controllers/SiteController.php(144): Controller->traercotizaciones()
#6 /var/www/html/kia.com.ec/site/intranet.kia.com.ec/web/yii/framework/web/actions/CInlineAction.php(49): SiteController->actionLogin()
#7 /var/www/html/kia.com.ec/site/intranet.kia.com.ec/web/yii/framework/web/CController.php(308): CInlineAction->runWithParams(Array)
#8 /var/www/html/kia.com.ec/site/intranet.kia.com.ec/web/yii/framework/web/CController.php(286): CController->runAction(Object(CInlineAction))
#9 /var/www/html/kia.com.ec/site/intranet.kia.com.ec/web/yii/framework/web/CController.php(265): CController->runActionWithFilters(Object(CInlineAction), Array)
#10 /var/www/html/kia.com.ec/site/intranet.kia.com.ec/web/yii/framework/web/CWebApplication.php(282): CController->run('login')
#11 /var/www/html/kia.com.ec/site/intranet.kia.com.ec/web/yii/framework/web/CWebApplication.php(141): CWebApplication->runController('')
#12 /var/www/html/kia.com.ec/site/intranet.kia.com.ec/web/yii/framework/base/CApplication.php(180): CWebApplication->processRequest()
#13 /var/www/html/kia.com.ec/site/intranet.kia.com.ec/web/usuario/index.php(15): CApplication->run()
#14 {main}
REQUEST_URI=/intranet/usuario/index.php
HTTP_REFERER=https://www.kia.com.ec/intranet/usuario/index.php
---
2016/01/26 18:14:21 [error] [exception.CDbException] SQLSTATE[28000] [1045] Access denied for user 'root'@'localhost' (using password: NO)
2016/01/26 18:14:21 [error] [exception.CDbException] exception 'CDbException' with message 'CDbConnection failed to open the DB connection.' in /var/www/html/kia.com.ec/site/intranet.kia.com.ec/web/yii/framework/db/CDbConnection.php:388
Stack trace:
#0 /var/www/html/kia.com.ec/site/intranet.kia.com.ec/web/yii/framework/db/CDbConnection.php(330): CDbConnection->open()
#1 /var/www/html/kia.com.ec/site/intranet.kia.com.ec/web/yii/framework/db/CDbConnection.php(308): CDbConnection->setActive(true)
#2 /var/www/html/kia.com.ec/site/intranet.kia.com.ec/web/yii/framework/base/CModule.php(387): CDbConnection->init()
#3 /var/www/html/kia.com.ec/site/intranet.kia.com.ec/web/yii/framework/base/CModule.php(103): CModule->getComponent('db2')
#4 /var/www/html/kia.com.ec/site/intranet.kia.com.ec/web/usuario/protected/components/Controller.php(1552): CModule->__get('db2')
#5 /var/www/html/kia.com.ec/site/intranet.kia.com.ec/web/usuario/protected/controllers/SiteController.php(41): Controller->traercotizaciones()
#6 [internal function]: SiteController->actionMenu('a87ff679a2f3e71...', 'usuarios')
#7 /var/www/html/kia.com.ec/site/intranet.kia.com.ec/web/yii/framework/web/actions/CAction.php(108): ReflectionMethod->invokeArgs(Object(SiteController), Array)
#8 /var/www/html/kia.com.ec/site/intranet.kia.com.ec/web/yii/framework/web/actions/CInlineAction.php(47): CAction->runWithParamsInternal(Object(SiteController), Object(ReflectionMethod), Array)
#9 /var/www/html/kia.com.ec/site/intranet.kia.com.ec/web/yii/framework/web/CController.php(308): CInlineAction->runWithParams(Array)
#10 /var/www/html/kia.com.ec/site/intranet.kia.com.ec/web/yii/framework/web/CController.php(286): CController->runAction(Object(CInlineAction))
#11 /var/www/html/kia.com.ec/site/intranet.kia.com.ec/web/yii/framework/web/CController.php(265): CController->runActionWithFilters(Object(CInlineAction), Array)
#12 /var/www/html/kia.com.ec/site/intranet.kia.com.ec/web/yii/framework/web/CWebApplication.php(282): CController->run('menu')
#13 /var/www/html/kia.com.ec/site/intranet.kia.com.ec/web/yii/framework/web/CWebApplication.php(141): CWebApplication->runController('site/menu/opcio...')
#14 /var/www/html/kia.com.ec/site/intranet.kia.com.ec/web/yii/framework/base/CApplication.php(180): CWebApplication->processRequest()
#15 /var/www/html/kia.com.ec/site/intranet.kia.com.ec/web/usuario/index.php(15): CApplication->run()
#16 {main}
REQUEST_URI=/intranet/usuario/index.php/site/menu/opcion/a87ff679a2f3e71d9181a67b7542122c/tipo/usuarios
HTTP_REFERER=https://www.kia.com.ec/intranet/usuario/index.php/site/dashboard
---
